<?xml version="1.0" encoding="UTF-8"?>
<!-- Generated by org.testng.reporters.JUnitReportReporter -->
<testsuite skipped="0" hostname="Rockey" name="com.twitter.runnerfile.RunnerTest" tests="1" failures="1" timestamp="2021-04-19T00:04:09 IST" time="38.356" errors="0">
  <testcase name="runScenario" time="38.356" classname="com.twitter.runnerfile.RunnerTest">
    <failure type="java.lang.AssertionError" message="Just checking the negative flow">
      <![CDATA[java.lang.AssertionError: Just checking the negative flow
at org.testng.Assert.fail(Assert.java:99)
at com.twitter.stepdefs.TwitterStepDefinition.user_is_navigated_to_edit_profile_page(TwitterStepDefinition.java:136)
at ✽.User is navigated to Edit Profile page(file:///C:/Users/Sumit/Desktop/GITREPO/DB_TEST_Project/src/test/resources/TwitterProfileSectionUpdate.feature:5)
]]>
    </failure>
  </testcase> <!-- runScenario -->
  <system-out/>
</testsuite> <!-- com.twitter.runnerfile.RunnerTest -->
